#
# There is insufficient memory for the Java Runtime Environment to continue.
# Native memory allocation (malloc) failed to allocate 706416 bytes for Chunk::new
# Possible reasons:
#   The system is out of physical RAM or swap space
#   The process is running with CompressedOops enabled, and the Java Heap may be blocking the growth of the native heap
# Possible solutions:
#   Reduce memory load on the system
#   Increase physical memory or swap space
#   Check if swap backing store is full
#   Decrease Java heap size (-Xmx/-Xms)
#   Decrease number of Java threads
#   Decrease Java thread stack sizes (-Xss)
#   Set larger code cache with -XX:ReservedCodeCacheSize=
#   JVM is running with Unscaled Compressed Oops mode in which the Java heap is
#     placed in the first 4GB address space. The Java Heap base address is the
#     maximum limit for the native heap growth. Please use -XX:HeapBaseMinAddress
#     to set the Java Heap base and to place the Java Heap above 4GB virtual address.
# This output file may be truncated or incomplete.
#
#  Out of Memory Error (arena.cpp:191), pid=19560, tid=5740
#
# JRE version: OpenJDK Runtime Environment Temurin-17.0.10+7 (17.0.10+7) (build 17.0.10+7)
# Java VM: OpenJDK 64-Bit Server VM Temurin-17.0.10+7 (17.0.10+7, mixed mode, tiered, compressed oops, compressed class ptrs, parallel gc, windows-amd64)
# No core dump will be written. Minidumps are not enabled by default on client versions of Windows
#

---------------  S U M M A R Y ------------

Command Line: --add-modules=ALL-SYSTEM --add-opens=java.base/java.util=ALL-UNNAMED --add-opens=java.base/java.lang=ALL-UNNAMED --add-opens=java.base/sun.nio.fs=ALL-UNNAMED -Declipse.application=org.eclipse.jdt.ls.core.id1 -Dosgi.bundles.defaultStartLevel=4 -Declipse.product=org.eclipse.jdt.ls.core.product -Djava.import.generatesMetadataFilesAtProjectRoot=false -DDetectVMInstallationsJob.disabled=true -Dfile.encoding=utf8 -XX:+UseParallelGC -XX:GCTimeRatio=4 -XX:AdaptiveSizePolicyWeight=90 -Dsun.zip.disableMemoryMapping=true -Xmx1G -Xms100m -Xlog:disable -javaagent:c:\Users\gbmhi\.vscode\extensions\redhat.java-1.28.1-win32-x64\lombok\lombok-1.18.31.jar -XX:+HeapDumpOnOutOfMemoryError -XX:HeapDumpPath=c:\Users\gbmhi\AppData\Roaming\Code\User\workspaceStorage\0a4730d8f17ffa5101841fdc7d106a91\redhat.java -Daether.dependencyCollector.impl=bf c:\Users\gbmhi\.vscode\extensions\redhat.java-1.28.1-win32-x64\server\plugins\org.eclipse.equinox.launcher_1.6.700.v20231214-2017.jar -configuration c:\Users\gbmhi\AppData\Roaming\Code\User\globalStorage\redhat.java\1.28.1\config_win -data c:\Users\gbmhi\AppData\Roaming\Code\User\workspaceStorage\0a4730d8f17ffa5101841fdc7d106a91\redhat.java\jdt_ws --stdio

Host: Intel(R) Core(TM) i5-10300H CPU @ 2.50GHz, 8 cores, 15G,  Windows 11 , 64 bit Build 22621 (10.0.22621.3085)
Time: Fri Mar  1 13:58:58 2024 SE Asia Standard Time elapsed time: 627.157446 seconds (0d 0h 10m 27s)

---------------  T H R E A D  ---------------

Current thread (0x00000240f3cf7fc0):  JavaThread "C2 CompilerThread1" daemon [_thread_in_native, id=5740, stack(0x000000df32500000,0x000000df32600000)]


Current CompileTask:
C2: 627157 10514       4       org.eclipse.jdt.internal.compiler.parser.Parser::consumeToken (2355 bytes)

Stack: [0x000000df32500000,0x000000df32600000]
Native frames: (J=compiled Java code, j=interpreted, Vv=VM code, C=native code)
V  [jvm.dll+0x67d2c9]
V  [jvm.dll+0x834afa]
V  [jvm.dll+0x8365be]
V  [jvm.dll+0x836c23]
V  [jvm.dll+0x2477ff]
V  [jvm.dll+0xac514]
V  [jvm.dll+0xacb5c]
V  [jvm.dll+0x366782]
V  [jvm.dll+0x330bfa]
V  [jvm.dll+0x33009a]
V  [jvm.dll+0x219ef1]
V  [jvm.dll+0x219311]
V  [jvm.dll+0x1a502d]
V  [jvm.dll+0x2290de]
V  [jvm.dll+0x2272ac]
V  [jvm.dll+0x7e9bb7]
V  [jvm.dll+0x7e3fba]
V  [jvm.dll+0x67c1b5]
C  [ucrtbase.dll+0x29363]
C  [KERNEL32.DLL+0x1257d]
C  [ntdll.dll+0x5aa58]


---------------  P R O C E S S  ---------------

Threads class SMR info:
_java_thread_list=0x00000240f344f840, length=34, elements={
0x00000240d4016dc0, 0x00000240e9de1020, 0x00000240e9de2120, 0x00000240e9deb060,
0x00000240e9debdf0, 0x00000240e9ded410, 0x00000240e9dee8d0, 0x00000240eef5dec0,
0x00000240eef5e970, 0x00000240eef60120, 0x00000240ef08f160, 0x00000240f00a0a40,
0x00000240f072f770, 0x00000240f072e330, 0x00000240f072f260, 0x00000240f072e840,
0x00000240f0adc300, 0x00000240f0adcd20, 0x00000240f0ada4a0, 0x00000240f0adaec0,
0x00000240f0adb3d0, 0x00000240f0adb8e0, 0x00000240f0ad9570, 0x00000240f0add740,
0x00000240f0ae04d0, 0x00000240f072ed50, 0x00000240f5412200, 0x00000240f5411cf0,
0x00000240f5413b50, 0x00000240f5413130, 0x00000240f5414060, 0x00000240f5414570,
0x00000240f54117e0, 0x00000240f3cf7fc0
}

Java Threads: ( => current thread )
  0x00000240d4016dc0 JavaThread "main" [_thread_blocked, id=24304, stack(0x000000df2fe00000,0x000000df2ff00000)]
  0x00000240e9de1020 JavaThread "Reference Handler" daemon [_thread_blocked, id=18436, stack(0x000000df30100000,0x000000df30200000)]
  0x00000240e9de2120 JavaThread "Finalizer" daemon [_thread_blocked, id=11632, stack(0x000000df30200000,0x000000df30300000)]
  0x00000240e9deb060 JavaThread "Signal Dispatcher" daemon [_thread_blocked, id=23044, stack(0x000000df30300000,0x000000df30400000)]
  0x00000240e9debdf0 JavaThread "Attach Listener" daemon [_thread_blocked, id=10400, stack(0x000000df30400000,0x000000df30500000)]
  0x00000240e9ded410 JavaThread "Service Thread" daemon [_thread_blocked, id=26988, stack(0x000000df30500000,0x000000df30600000)]
  0x00000240e9dee8d0 JavaThread "Monitor Deflation Thread" daemon [_thread_blocked, id=24920, stack(0x000000df30600000,0x000000df30700000)]
  0x00000240eef5dec0 JavaThread "C2 CompilerThread0" daemon [_thread_in_native, id=18848, stack(0x000000df30700000,0x000000df30800000)]
  0x00000240eef5e970 JavaThread "C1 CompilerThread0" daemon [_thread_in_vm, id=19276, stack(0x000000df30800000,0x000000df30900000)]
  0x00000240eef60120 JavaThread "Sweeper thread" daemon [_thread_blocked, id=12532, stack(0x000000df30900000,0x000000df30a00000)]
  0x00000240ef08f160 JavaThread "Common-Cleaner" daemon [_thread_blocked, id=8520, stack(0x000000df30a00000,0x000000df30b00000)]
  0x00000240f00a0a40 JavaThread "Notification Thread" daemon [_thread_blocked, id=27252, stack(0x000000df30c00000,0x000000df30d00000)]
  0x00000240f072f770 JavaThread "Active Thread: Equinox Container: 2c1e70a5-6030-49f0-a9f0-1dc70d9dd921" [_thread_blocked, id=3028, stack(0x000000df31a00000,0x000000df31b00000)]
  0x00000240f072e330 JavaThread "Framework Event Dispatcher: Equinox Container: 2c1e70a5-6030-49f0-a9f0-1dc70d9dd921" daemon [_thread_blocked, id=21828, stack(0x000000df30b00000,0x000000df30c00000)]
  0x00000240f072f260 JavaThread "Start Level: Equinox Container: 2c1e70a5-6030-49f0-a9f0-1dc70d9dd921" daemon [_thread_blocked, id=19300, stack(0x000000df31b00000,0x000000df31c00000)]
  0x00000240f072e840 JavaThread "Refresh Thread: Equinox Container: 2c1e70a5-6030-49f0-a9f0-1dc70d9dd921" daemon [_thread_blocked, id=27544, stack(0x000000df31e00000,0x000000df31f00000)]
  0x00000240f0adc300 JavaThread "Bundle File Closer" daemon [_thread_blocked, id=23540, stack(0x000000df32200000,0x000000df32300000)]
  0x00000240f0adcd20 JavaThread "SCR Component Actor" daemon [_thread_blocked, id=25660, stack(0x000000df31c00000,0x000000df31d00000)]
  0x00000240f0ada4a0 JavaThread "Worker-JM" [_thread_blocked, id=24972, stack(0x000000df32300000,0x000000df32400000)]
  0x00000240f0adaec0 JavaThread "Worker-0: Shutdown..." [_thread_in_native, id=9312, stack(0x000000df32400000,0x000000df32500000)]
  0x00000240f0adb3d0 JavaThread "Java indexing" daemon [_thread_blocked, id=12564, stack(0x000000df30e00000,0x000000df30f00000)]
  0x00000240f0adb8e0 JavaThread "JNA Cleaner" daemon [_thread_blocked, id=27496, stack(0x000000df31600000,0x000000df31700000)]
  0x00000240f0ad9570 JavaThread "pool-2-thread-1" [_thread_blocked, id=11244, stack(0x000000df31800000,0x000000df31900000)]
  0x00000240f0add740 JavaThread "WorkspaceEventsHandler" [_thread_blocked, id=9724, stack(0x000000df31f00000,0x000000df32000000)]
  0x00000240f0ae04d0 JavaThread "pool-1-thread-1" [_thread_in_native, id=15252, stack(0x000000df32000000,0x000000df32100000)]
  0x00000240f072ed50 JavaThread "ForkJoinPool.commonPool-worker-2" daemon [_thread_blocked, id=6116, stack(0x000000df33200000,0x000000df33300000)]
  0x00000240f5412200 JavaThread "ForkJoinPool.commonPool-worker-3" daemon [_thread_blocked, id=23708, stack(0x000000df33300000,0x000000df33400000)]
  0x00000240f5411cf0 JavaThread "ForkJoinPool.commonPool-worker-6" daemon [_thread_blocked, id=19652, stack(0x000000df31700000,0x000000df31800000)]
  0x00000240f5413b50 JavaThread "Worker-7" [_thread_blocked, id=26604, stack(0x000000df2fc00000,0x000000df2fd00000)]
  0x00000240f5413130 JavaThread "ForkJoinPool.commonPool-worker-9" daemon [_thread_blocked, id=25360, stack(0x000000df2fd00000,0x000000df2fe00000)]
  0x00000240f5414060 JavaThread "ForkJoinPool.commonPool-worker-10" daemon [_thread_blocked, id=11276, stack(0x000000df31500000,0x000000df31600000)]
  0x00000240f5414570 JavaThread "ForkJoinPool.commonPool-worker-11" daemon [_thread_blocked, id=7948, stack(0x000000df32100000,0x000000df32200000)]
  0x00000240f54117e0 JavaThread "ForkJoinPool.commonPool-worker-12" daemon [_thread_blocked, id=3272, stack(0x000000df2fb00000,0x000000df2fc00000)]
=>0x00000240f3cf7fc0 JavaThread "C2 CompilerThread1" daemon [_thread_in_native, id=5740, stack(0x000000df32500000,0x000000df32600000)]

Other Threads:
  0x00000240d40be940 VMThread "VM Thread" [stack: 0x000000df30000000,0x000000df30100000] [id=21488]
  0x00000240f00a9070 WatcherThread [stack: 0x000000df30d00000,0x000000df30e00000] [id=11352]
  0x00000240d402c970 GCTaskThread "GC Thread#0" [stack: 0x000000df2ff00000,0x000000df30000000] [id=17500]
  0x00000240f0454440 GCTaskThread "GC Thread#1" [stack: 0x000000df30f00000,0x000000df31000000] [id=16696]
  0x00000240f098a220 GCTaskThread "GC Thread#2" [stack: 0x000000df31000000,0x000000df31100000] [id=16532]
  0x00000240f01837b0 GCTaskThread "GC Thread#3" [stack: 0x000000df31100000,0x000000df31200000] [id=23436]
  0x00000240f0874e50 GCTaskThread "GC Thread#4" [stack: 0x000000df31200000,0x000000df31300000] [id=20612]
  0x00000240f0875110 GCTaskThread "GC Thread#5" [stack: 0x000000df31300000,0x000000df31400000] [id=13588]
  0x00000240f08753d0 GCTaskThread "GC Thread#6" [stack: 0x000000df31400000,0x000000df31500000] [id=16736]
  0x00000240f072dab0 GCTaskThread "GC Thread#7" [stack: 0x000000df31d00000,0x000000df31e00000] [id=4044]

Threads with active compile tasks:
C2 CompilerThread0   627202 10508 % !   4       org.eclipse.jdt.internal.core.NameLookup::seekModule @ 66 (267 bytes)
C2 CompilerThread1   627202 10514       4       org.eclipse.jdt.internal.compiler.parser.Parser::consumeToken (2355 bytes)
C2 CompilerThread2   627202 10543 %     4       java.io.DataOutputStream::writeUTF @ 187 (411 bytes)

VM state: not at safepoint (normal execution)

VM Mutex/Monitor currently owned by a thread: None

Heap address: 0x00000000c0000000, size: 1024 MB, Compressed Oops mode: 32-bit

CDS archive(s) not mapped
Compressed class space mapped at: 0x0000000100000000-0x0000000140000000, reserved size: 1073741824
Narrow klass base: 0x0000000000000000, Narrow klass shift: 3, Narrow klass range: 0x140000000

GC Precious Log:
 CPUs: 8 total, 8 available
 Memory: 16215M
 Large Page Support: Disabled
 NUMA Support: Disabled
 Compressed Oops: Enabled (32-bit)
 Alignments: Space 512K, Generation 512K, Heap 2M
 Heap Min Capacity: 100M
 Heap Initial Capacity: 100M
 Heap Max Capacity: 1G
 Pre-touch: Disabled
 Parallel Workers: 8

Heap:
 PSYoungGen      total 13824K, used 5666K [0x00000000eab00000, 0x00000000ebd80000, 0x0000000100000000)
  eden space 11264K, 29% used [0x00000000eab00000,0x00000000eae47f90,0x00000000eb600000)
  from space 2560K, 90% used [0x00000000ebb00000,0x00000000ebd408b0,0x00000000ebd80000)
  to   space 3584K, 0% used [0x00000000eb680000,0x00000000eb680000,0x00000000eba00000)
 ParOldGen       total 260096K, used 235885K [0x00000000c0000000, 0x00000000cfe00000, 0x00000000eab00000)
  object space 260096K, 90% used [0x00000000c0000000,0x00000000ce65b470,0x00000000cfe00000)
 Metaspace       used 75863K, committed 76928K, reserved 1179648K
  class space    used 8111K, committed 8576K, reserved 1048576K

Card table byte_map: [0x00000240e7660000,0x00000240e7870000] _byte_map_base: 0x00000240e7060000

Marking Bits: (ParMarkBitMap*) 0x00007ffe9816d7d0
 Begin Bits: [0x00000240e79d0000, 0x00000240e89d0000)
 End Bits:   [0x00000240e89d0000, 0x00000240e99d0000)

Polling page: 0x00000240d40c0000

Metaspace:

Usage:
  Non-class:     66.16 MB used.
      Class:      7.92 MB used.
       Both:     74.09 MB used.

Virtual space:
  Non-class space:      128.00 MB reserved,      66.75 MB ( 52%) committed,  2 nodes.
      Class space:        1.00 GB reserved,       8.38 MB ( <1%) committed,  1 nodes.
             Both:        1.12 GB reserved,      75.12 MB (  7%) committed. 

Chunk freelists:
   Non-Class:  13.00 MB
       Class:  7.65 MB
        Both:  20.65 MB

MaxMetaspaceSize: unlimited
CompressedClassSpaceSize: 1.00 GB
Initial GC threshold: 21.00 MB
Current GC threshold: 115.88 MB
CDS: off
MetaspaceReclaimPolicy: balanced
 - commit_granule_bytes: 65536.
 - commit_granule_words: 8192.
 - virtual_space_node_default_size: 8388608.
 - enlarge_chunks_in_place: 1.
 - new_chunks_are_fully_committed: 0.
 - uncommit_free_chunks: 1.
 - use_allocation_guard: 0.
 - handle_deallocations: 1.


Internal statistics:

num_allocs_failed_limit: 9.
num_arena_births: 660.
num_arena_deaths: 14.
num_vsnodes_births: 3.
num_vsnodes_deaths: 0.
num_space_committed: 1202.
num_space_uncommitted: 0.
num_chunks_returned_to_freelist: 23.
num_chunks_taken_from_freelist: 3643.
num_chunk_merges: 14.
num_chunk_splits: 2325.
num_chunks_enlarged: 1424.
num_inconsistent_stats: 0.

CodeHeap 'non-profiled nmethods': size=120000Kb used=6729Kb max_used=6729Kb free=113270Kb
 bounds [0x00000240dff40000, 0x00000240e05e0000, 0x00000240e7470000]
CodeHeap 'profiled nmethods': size=120000Kb used=18142Kb max_used=18142Kb free=101857Kb
 bounds [0x00000240d8470000, 0x00000240d9630000, 0x00000240df9a0000]
CodeHeap 'non-nmethods': size=5760Kb used=1382Kb max_used=1488Kb free=4377Kb
 bounds [0x00000240df9a0000, 0x00000240dfc10000, 0x00000240dff40000]
 total_blobs=9088 nmethods=8357 adapters=643
 compilation: enabled
              stopped_count=0, restarted_count=0
 full_count=0

Compilation events (20 events):
Event: 626.980 Thread 0x00000240eef5e970 nmethod 10512 0x00000240d914ce90 code [0x00000240d914d040, 0x00000240d914d2b8]
Event: 626.982 Thread 0x00000240eef5e970 10517       3       org.eclipse.jdt.internal.core.index.FileIndexLocation::equals (24 bytes)
Event: 626.983 Thread 0x00000240eef5e970 nmethod 10517 0x00000240d945d090 code [0x00000240d945d2a0, 0x00000240d945da08]
Event: 626.984 Thread 0x00000240f3cf7fc0 10515       4       org.eclipse.jdt.internal.compiler.lookup.ReferenceBinding$3::compare (13 bytes)
Event: 627.005 Thread 0x00000240f3cf7fc0 nmethod 10515 0x00000240e054c110 code [0x00000240e054c2a0, 0x00000240e054c578]
Event: 627.005 Thread 0x00000240f3cf7fc0 10516       4       org.eclipse.jdt.internal.compiler.lookup.ReferenceBinding$3::compare (46 bytes)
Event: 627.020 Thread 0x00000240f3cf7fc0 nmethod 10516 0x00000240e054bb90 code [0x00000240e054bd20, 0x00000240e054bf78]
Event: 627.020 Thread 0x00000240f3cf7fc0 10514       4       org.eclipse.jdt.internal.compiler.parser.Parser::consumeToken (2355 bytes)
Event: 627.062 Thread 0x00000240eef5e970 10519       1       org.eclipse.jdt.internal.core.ImportContainer::getElementType (3 bytes)
Event: 627.062 Thread 0x00000240eef5e970 nmethod 10519 0x00000240e054b890 code [0x00000240e054ba20, 0x00000240e054baf8]
Event: 627.066 Thread 0x00000240eef5e970 10520       3       org.eclipse.jdt.internal.codeassist.select.SelectionScanner::getCurrentIdentifierSource (106 bytes)
Event: 627.068 Thread 0x00000240eef5e970 nmethod 10520 0x00000240d945c810 code [0x00000240d945c9e0, 0x00000240d945cf48]
Event: 627.074 Thread 0x00000240eef5e970 10523       3       org.eclipse.jdt.internal.compiler.lookup.BinaryTypeBinding::<init> (354 bytes)
Event: 627.080 Thread 0x00000240eef5e970 nmethod 10523 0x00000240d945ac10 code [0x00000240d945aee0, 0x00000240d945c188]
Event: 627.080 Thread 0x00000240eef5e970 10524       3       org.eclipse.jdt.internal.compiler.lookup.TypeSystem::getWildcard (427 bytes)
Event: 627.086 Thread 0x00000240eef5e970 nmethod 10524 0x00000240d9457e90 code [0x00000240d9458200, 0x00000240d945a288]
Event: 627.086 Thread 0x00000240eef5e970 10527       3       java.util.TimSort::pushRun (31 bytes)
Event: 627.087 Thread 0x00000240eef5e970 nmethod 10527 0x00000240d9457a10 code [0x00000240d9457ba0, 0x00000240d9457d18]
Event: 627.087 Thread 0x00000240eef5e970 10526       1       org.eclipse.jdt.internal.compiler.lookup.VariableBinding::setConstant (6 bytes)
Event: 627.087 Thread 0x00000240eef5e970 nmethod 10526 0x00000240e054b590 code [0x00000240e054b720, 0x00000240e054b7f8]

GC Heap History (20 events):
Event: 548.701 GC heap before
{Heap before GC invocations=249 (full 12):
 PSYoungGen      total 13312K, used 12048K [0x00000000eab00000, 0x00000000ebc00000, 0x0000000100000000)
  eden space 11264K, 100% used [0x00000000eab00000,0x00000000eb600000,0x00000000eb600000)
  from space 2048K, 38% used [0x00000000eb800000,0x00000000eb8c4060,0x00000000eba00000)
  to   space 1536K, 0% used [0x00000000eba80000,0x00000000eba80000,0x00000000ebc00000)
 ParOldGen       total 260096K, used 227543K [0x00000000c0000000, 0x00000000cfe00000, 0x00000000eab00000)
  object space 260096K, 87% used [0x00000000c0000000,0x00000000cde35d18,0x00000000cfe00000)
 Metaspace       used 74953K, committed 76096K, reserved 1179648K
  class space    used 8063K, committed 8512K, reserved 1048576K
}
Event: 548.705 GC heap after
{Heap after GC invocations=249 (full 12):
 PSYoungGen      total 12800K, used 1504K [0x00000000eab00000, 0x00000000ebc00000, 0x0000000100000000)
  eden space 11264K, 0% used [0x00000000eab00000,0x00000000eab00000,0x00000000eb600000)
  from space 1536K, 97% used [0x00000000eba80000,0x00000000ebbf8070,0x00000000ebc00000)
  to   space 2560K, 0% used [0x00000000eb700000,0x00000000eb700000,0x00000000eb980000)
 ParOldGen       total 260096K, used 228008K [0x00000000c0000000, 0x00000000cfe00000, 0x00000000eab00000)
  object space 260096K, 87% used [0x00000000c0000000,0x00000000cdeaa2f0,0x00000000cfe00000)
 Metaspace       used 74953K, committed 76096K, reserved 1179648K
  class space    used 8063K, committed 8512K, reserved 1048576K
}
Event: 549.061 GC heap before
{Heap before GC invocations=250 (full 12):
 PSYoungGen      total 12800K, used 12768K [0x00000000eab00000, 0x00000000ebc00000, 0x0000000100000000)
  eden space 11264K, 100% used [0x00000000eab00000,0x00000000eb600000,0x00000000eb600000)
  from space 1536K, 97% used [0x00000000eba80000,0x00000000ebbf8070,0x00000000ebc00000)
  to   space 2560K, 0% used [0x00000000eb700000,0x00000000eb700000,0x00000000eb980000)
 ParOldGen       total 260096K, used 228008K [0x00000000c0000000, 0x00000000cfe00000, 0x00000000eab00000)
  object space 260096K, 87% used [0x00000000c0000000,0x00000000cdeaa2f0,0x00000000cfe00000)
 Metaspace       used 75006K, committed 76096K, reserved 1179648K
  class space    used 8064K, committed 8512K, reserved 1048576K
}
Event: 549.067 GC heap after
{Heap after GC invocations=250 (full 12):
 PSYoungGen      total 12800K, used 1312K [0x00000000eab00000, 0x00000000ebb00000, 0x0000000100000000)
  eden space 11264K, 0% used [0x00000000eab00000,0x00000000eab00000,0x00000000eb600000)
  from space 1536K, 85% used [0x00000000eb700000,0x00000000eb848040,0x00000000eb880000)
  to   space 2048K, 0% used [0x00000000eb900000,0x00000000eb900000,0x00000000ebb00000)
 ParOldGen       total 260096K, used 228616K [0x00000000c0000000, 0x00000000cfe00000, 0x00000000eab00000)
  object space 260096K, 87% used [0x00000000c0000000,0x00000000cdf42330,0x00000000cfe00000)
 Metaspace       used 75006K, committed 76096K, reserved 1179648K
  class space    used 8064K, committed 8512K, reserved 1048576K
}
Event: 549.221 GC heap before
{Heap before GC invocations=251 (full 12):
 PSYoungGen      total 12800K, used 12576K [0x00000000eab00000, 0x00000000ebb00000, 0x0000000100000000)
  eden space 11264K, 100% used [0x00000000eab00000,0x00000000eb600000,0x00000000eb600000)
  from space 1536K, 85% used [0x00000000eb700000,0x00000000eb848040,0x00000000eb880000)
  to   space 2048K, 0% used [0x00000000eb900000,0x00000000eb900000,0x00000000ebb00000)
 ParOldGen       total 260096K, used 228616K [0x00000000c0000000, 0x00000000cfe00000, 0x00000000eab00000)
  object space 260096K, 87% used [0x00000000c0000000,0x00000000cdf42330,0x00000000cfe00000)
 Metaspace       used 75052K, committed 76160K, reserved 1179648K
  class space    used 8064K, committed 8512K, reserved 1048576K
}
Event: 549.223 GC heap after
{Heap after GC invocations=251 (full 12):
 PSYoungGen      total 13312K, used 1570K [0x00000000eab00000, 0x00000000ebb00000, 0x0000000100000000)
  eden space 11264K, 0% used [0x00000000eab00000,0x00000000eab00000,0x00000000eb600000)
  from space 2048K, 76% used [0x00000000eb900000,0x00000000eba888d0,0x00000000ebb00000)
  to   space 2048K, 0% used [0x00000000eb700000,0x00000000eb700000,0x00000000eb900000)
 ParOldGen       total 260096K, used 228624K [0x00000000c0000000, 0x00000000cfe00000, 0x00000000eab00000)
  object space 260096K, 87% used [0x00000000c0000000,0x00000000cdf44330,0x00000000cfe00000)
 Metaspace       used 75052K, committed 76160K, reserved 1179648K
  class space    used 8064K, committed 8512K, reserved 1048576K
}
Event: 549.301 GC heap before
{Heap before GC invocations=252 (full 12):
 PSYoungGen      total 13312K, used 12834K [0x00000000eab00000, 0x00000000ebb00000, 0x0000000100000000)
  eden space 11264K, 100% used [0x00000000eab00000,0x00000000eb600000,0x00000000eb600000)
  from space 2048K, 76% used [0x00000000eb900000,0x00000000eba888d0,0x00000000ebb00000)
  to   space 2048K, 0% used [0x00000000eb700000,0x00000000eb700000,0x00000000eb900000)
 ParOldGen       total 260096K, used 228624K [0x00000000c0000000, 0x00000000cfe00000, 0x00000000eab00000)
  object space 260096K, 87% used [0x00000000c0000000,0x00000000cdf44330,0x00000000cfe00000)
 Metaspace       used 75086K, committed 76224K, reserved 1179648K
  class space    used 8064K, committed 8512K, reserved 1048576K
}
Event: 549.304 GC heap after
{Heap after GC invocations=252 (full 12):
 PSYoungGen      total 13312K, used 2018K [0x00000000eab00000, 0x00000000ebf00000, 0x0000000100000000)
  eden space 11264K, 0% used [0x00000000eab00000,0x00000000eab00000,0x00000000eb600000)
  from space 2048K, 98% used [0x00000000eb700000,0x00000000eb8f88d0,0x00000000eb900000)
  to   space 4608K, 0% used [0x00000000eba80000,0x00000000eba80000,0x00000000ebf00000)
 ParOldGen       total 260096K, used 230488K [0x00000000c0000000, 0x00000000cfe00000, 0x00000000eab00000)
  object space 260096K, 88% used [0x00000000c0000000,0x00000000ce116330,0x00000000cfe00000)
 Metaspace       used 75086K, committed 76224K, reserved 1179648K
  class space    used 8064K, committed 8512K, reserved 1048576K
}
Event: 582.518 GC heap before
{Heap before GC invocations=253 (full 12):
 PSYoungGen      total 13312K, used 13282K [0x00000000eab00000, 0x00000000ebf00000, 0x0000000100000000)
  eden space 11264K, 100% used [0x00000000eab00000,0x00000000eb600000,0x00000000eb600000)
  from space 2048K, 98% used [0x00000000eb700000,0x00000000eb8f88d0,0x00000000eb900000)
  to   space 4608K, 0% used [0x00000000eba80000,0x00000000eba80000,0x00000000ebf00000)
 ParOldGen       total 260096K, used 230488K [0x00000000c0000000, 0x00000000cfe00000, 0x00000000eab00000)
  object space 260096K, 88% used [0x00000000c0000000,0x00000000ce116330,0x00000000cfe00000)
 Metaspace       used 75393K, committed 76544K, reserved 1179648K
  class space    used 8078K, committed 8576K, reserved 1048576K
}
Event: 582.521 GC heap after
{Heap after GC invocations=253 (full 12):
 PSYoungGen      total 12800K, used 1312K [0x00000000eab00000, 0x00000000ebc00000, 0x0000000100000000)
  eden space 11264K, 0% used [0x00000000eab00000,0x00000000eab00000,0x00000000eb600000)
  from space 1536K, 85% used [0x00000000eba80000,0x00000000ebbc8080,0x00000000ebc00000)
  to   space 2560K, 0% used [0x00000000eb700000,0x00000000eb700000,0x00000000eb980000)
 ParOldGen       total 260096K, used 230743K [0x00000000c0000000, 0x00000000cfe00000, 0x00000000eab00000)
  object space 260096K, 88% used [0x00000000c0000000,0x00000000ce155d90,0x00000000cfe00000)
 Metaspace       used 75393K, committed 76544K, reserved 1179648K
  class space    used 8078K, committed 8576K, reserved 1048576K
}
Event: 582.884 GC heap before
{Heap before GC invocations=254 (full 12):
 PSYoungGen      total 12800K, used 12576K [0x00000000eab00000, 0x00000000ebc00000, 0x0000000100000000)
  eden space 11264K, 100% used [0x00000000eab00000,0x00000000eb600000,0x00000000eb600000)
  from space 1536K, 85% used [0x00000000eba80000,0x00000000ebbc8080,0x00000000ebc00000)
  to   space 2560K, 0% used [0x00000000eb700000,0x00000000eb700000,0x00000000eb980000)
 ParOldGen       total 260096K, used 230743K [0x00000000c0000000, 0x00000000cfe00000, 0x00000000eab00000)
  object space 260096K, 88% used [0x00000000c0000000,0x00000000ce155d90,0x00000000cfe00000)
 Metaspace       used 75576K, committed 76736K, reserved 1179648K
  class space    used 8095K, committed 8576K, reserved 1048576K
}
Event: 582.888 GC heap after
{Heap after GC invocations=254 (full 12):
 PSYoungGen      total 13824K, used 1376K [0x00000000eab00000, 0x00000000ebb00000, 0x0000000100000000)
  eden space 11264K, 0% used [0x00000000eab00000,0x00000000eab00000,0x00000000eb600000)
  from space 2560K, 53% used [0x00000000eb700000,0x00000000eb858060,0x00000000eb980000)
  to   space 1536K, 0% used [0x00000000eb980000,0x00000000eb980000,0x00000000ebb00000)
 ParOldGen       total 260096K, used 230751K [0x00000000c0000000, 0x00000000cfe00000, 0x00000000eab00000)
  object space 260096K, 88% used [0x00000000c0000000,0x00000000ce157d90,0x00000000cfe00000)
 Metaspace       used 75576K, committed 76736K, reserved 1179648K
  class space    used 8095K, committed 8576K, reserved 1048576K
}
Event: 583.369 GC heap before
{Heap before GC invocations=255 (full 12):
 PSYoungGen      total 13824K, used 12640K [0x00000000eab00000, 0x00000000ebb00000, 0x0000000100000000)
  eden space 11264K, 100% used [0x00000000eab00000,0x00000000eb600000,0x00000000eb600000)
  from space 2560K, 53% used [0x00000000eb700000,0x00000000eb858060,0x00000000eb980000)
  to   space 1536K, 0% used [0x00000000eb980000,0x00000000eb980000,0x00000000ebb00000)
 ParOldGen       total 260096K, used 230751K [0x00000000c0000000, 0x00000000cfe00000, 0x00000000eab00000)
  object space 260096K, 88% used [0x00000000c0000000,0x00000000ce157d90,0x00000000cfe00000)
 Metaspace       used 75696K, committed 76864K, reserved 1179648K
  class space    used 8101K, committed 8576K, reserved 1048576K
}
Event: 583.371 GC heap after
{Heap after GC invocations=255 (full 12):
 PSYoungGen      total 12800K, used 1510K [0x00000000eab00000, 0x00000000ebb00000, 0x0000000100000000)
  eden space 11264K, 0% used [0x00000000eab00000,0x00000000eab00000,0x00000000eb600000)
  from space 1536K, 98% used [0x00000000eb980000,0x00000000ebaf9a20,0x00000000ebb00000)
  to   space 2048K, 0% used [0x00000000eb700000,0x00000000eb700000,0x00000000eb900000)
 ParOldGen       total 260096K, used 230846K [0x00000000c0000000, 0x00000000cfe00000, 0x00000000eab00000)
  object space 260096K, 88% used [0x00000000c0000000,0x00000000ce16f858,0x00000000cfe00000)
 Metaspace       used 75696K, committed 76864K, reserved 1179648K
  class space    used 8101K, committed 8576K, reserved 1048576K
}
Event: 591.511 GC heap before
{Heap before GC invocations=256 (full 12):
 PSYoungGen      total 12800K, used 12774K [0x00000000eab00000, 0x00000000ebb00000, 0x0000000100000000)
  eden space 11264K, 99% used [0x00000000eab00000,0x00000000eb5fffe0,0x00000000eb600000)
  from space 1536K, 98% used [0x00000000eb980000,0x00000000ebaf9a20,0x00000000ebb00000)
  to   space 2048K, 0% used [0x00000000eb700000,0x00000000eb700000,0x00000000eb900000)
 ParOldGen       total 260096K, used 230846K [0x00000000c0000000, 0x00000000cfe00000, 0x00000000eab00000)
  object space 260096K, 88% used [0x00000000c0000000,0x00000000ce16f858,0x00000000cfe00000)
 Metaspace       used 75750K, committed 76864K, reserved 1179648K
  class space    used 8105K, committed 8576K, reserved 1048576K
}
Event: 591.516 GC heap after
{Heap after GC invocations=256 (full 12):
 PSYoungGen      total 13312K, used 2023K [0x00000000eab00000, 0x00000000ebf00000, 0x0000000100000000)
  eden space 11264K, 0% used [0x00000000eab00000,0x00000000eab00000,0x00000000eb600000)
  from space 2048K, 98% used [0x00000000eb700000,0x00000000eb8f9e28,0x00000000eb900000)
  to   space 4608K, 0% used [0x00000000eba80000,0x00000000eba80000,0x00000000ebf00000)
 ParOldGen       total 260096K, used 232871K [0x00000000c0000000, 0x00000000cfe00000, 0x00000000eab00000)
  object space 260096K, 89% used [0x00000000c0000000,0x00000000ce369d00,0x00000000cfe00000)
 Metaspace       used 75750K, committed 76864K, reserved 1179648K
  class space    used 8105K, committed 8576K, reserved 1048576K
}
Event: 593.187 GC heap before
{Heap before GC invocations=257 (full 12):
 PSYoungGen      total 13312K, used 13287K [0x00000000eab00000, 0x00000000ebf00000, 0x0000000100000000)
  eden space 11264K, 100% used [0x00000000eab00000,0x00000000eb600000,0x00000000eb600000)
  from space 2048K, 98% used [0x00000000eb700000,0x00000000eb8f9e28,0x00000000eb900000)
  to   space 4608K, 0% used [0x00000000eba80000,0x00000000eba80000,0x00000000ebf00000)
 ParOldGen       total 260096K, used 232871K [0x00000000c0000000, 0x00000000cfe00000, 0x00000000eab00000)
  object space 260096K, 89% used [0x00000000c0000000,0x00000000ce369d00,0x00000000cfe00000)
 Metaspace       used 75793K, committed 76928K, reserved 1179648K
  class space    used 8107K, committed 8576K, reserved 1048576K
}
Event: 593.194 GC heap after
{Heap after GC invocations=257 (full 12):
 PSYoungGen      total 15360K, used 3789K [0x00000000eab00000, 0x00000000ebe80000, 0x0000000100000000)
  eden space 11264K, 0% used [0x00000000eab00000,0x00000000eab00000,0x00000000eb600000)
  from space 4096K, 92% used [0x00000000eba80000,0x00000000ebe337e8,0x00000000ebe80000)
  to   space 4096K, 0% used [0x00000000eb680000,0x00000000eb680000,0x00000000eba80000)
 ParOldGen       total 260096K, used 233356K [0x00000000c0000000, 0x00000000cfe00000, 0x00000000eab00000)
  object space 260096K, 89% used [0x00000000c0000000,0x00000000ce3e31c0,0x00000000cfe00000)
 Metaspace       used 75793K, committed 76928K, reserved 1179648K
  class space    used 8107K, committed 8576K, reserved 1048576K
}
Event: 626.990 GC heap before
{Heap before GC invocations=258 (full 12):
 PSYoungGen      total 15360K, used 15053K [0x00000000eab00000, 0x00000000ebe80000, 0x0000000100000000)
  eden space 11264K, 100% used [0x00000000eab00000,0x00000000eb600000,0x00000000eb600000)
  from space 4096K, 92% used [0x00000000eba80000,0x00000000ebe337e8,0x00000000ebe80000)
  to   space 4096K, 0% used [0x00000000eb680000,0x00000000eb680000,0x00000000eba80000)
 ParOldGen       total 260096K, used 233356K [0x00000000c0000000, 0x00000000cfe00000, 0x00000000eab00000)
  object space 260096K, 89% used [0x00000000c0000000,0x00000000ce3e31c0,0x00000000cfe00000)
 Metaspace       used 75832K, committed 76928K, reserved 1179648K
  class space    used 8107K, committed 8576K, reserved 1048576K
}
Event: 626.996 GC heap after
{Heap after GC invocations=258 (full 12):
 PSYoungGen      total 15360K, used 4073K [0x00000000eab00000, 0x00000000ec000000, 0x0000000100000000)
  eden space 11264K, 0% used [0x00000000eab00000,0x00000000eab00000,0x00000000eb600000)
  from space 4096K, 99% used [0x00000000eb680000,0x00000000eba7a6b8,0x00000000eba80000)
  to   space 5120K, 0% used [0x00000000ebb00000,0x00000000ebb00000,0x00000000ec000000)
 ParOldGen       total 260096K, used 234068K [0x00000000c0000000, 0x00000000cfe00000, 0x00000000eab00000)
  object space 260096K, 89% used [0x00000000c0000000,0x00000000ce4951c0,0x00000000cfe00000)
 Metaspace       used 75832K, committed 76928K, reserved 1179648K
  class space    used 8107K, committed 8576K, reserved 1048576K
}

Dll operation events (14 events):
Event: 0.401 Loaded shared library c:\Users\gbmhi\.vscode\extensions\redhat.java-1.28.1-win32-x64\jre\17.0.10-win32-x86_64\bin\java.dll
Event: 0.981 Loaded shared library c:\Users\gbmhi\.vscode\extensions\redhat.java-1.28.1-win32-x64\jre\17.0.10-win32-x86_64\bin\zip.dll
Event: 0.989 Loaded shared library C:\Users\gbmhi\.vscode\extensions\redhat.java-1.28.1-win32-x64\jre\17.0.10-win32-x86_64\bin\instrument.dll
Event: 1.088 Loaded shared library C:\Users\gbmhi\.vscode\extensions\redhat.java-1.28.1-win32-x64\jre\17.0.10-win32-x86_64\bin\net.dll
Event: 1.138 Loaded shared library C:\Users\gbmhi\.vscode\extensions\redhat.java-1.28.1-win32-x64\jre\17.0.10-win32-x86_64\bin\nio.dll
Event: 1.146 Loaded shared library C:\Users\gbmhi\.vscode\extensions\redhat.java-1.28.1-win32-x64\jre\17.0.10-win32-x86_64\bin\zip.dll
Event: 1.164 Loaded shared library C:\Users\gbmhi\.vscode\extensions\redhat.java-1.28.1-win32-x64\jre\17.0.10-win32-x86_64\bin\jimage.dll
Event: 1.271 Loaded shared library c:\Users\gbmhi\.vscode\extensions\redhat.java-1.28.1-win32-x64\jre\17.0.10-win32-x86_64\bin\verify.dll
Event: 10.436 Loaded shared library C:\Users\gbmhi\AppData\Roaming\Code\User\globalStorage\redhat.java\1.28.1\config_win\org.eclipse.equinox.launcher\org.eclipse.equinox.launcher.win32.win32.x86_64_1.2.900.v20240129-1338\eclipse_11900.dll
Event: 19.470 Loaded shared library C:\Users\gbmhi\.vscode\extensions\redhat.java-1.28.1-win32-x64\jre\17.0.10-win32-x86_64\bin\management.dll
Event: 19.473 Loaded shared library C:\Users\gbmhi\.vscode\extensions\redhat.java-1.28.1-win32-x64\jre\17.0.10-win32-x86_64\bin\management_ext.dll
Event: 21.144 Loaded shared library C:\Users\gbmhi\AppData\Local\Temp\jna-98150259\jna7480694864019002905.dll
Event: 23.139 Loaded shared library C:\Users\gbmhi\.vscode\extensions\redhat.java-1.28.1-win32-x64\jre\17.0.10-win32-x86_64\bin\sunmscapi.dll
Event: 23.542 Loaded shared library C:\Users\gbmhi\.vscode\extensions\redhat.java-1.28.1-win32-x64\jre\17.0.10-win32-x86_64\bin\extnet.dll

Deoptimization events (20 events):
Event: 590.422 Thread 0x00000240f072ed50 Uncommon trap: trap_request=0xffffff45 fr.pc=0x00000240e057476c relative=0x000000000000b96c
Event: 590.422 Thread 0x00000240f072ed50 Uncommon trap: reason=unstable_if action=reinterpret pc=0x00000240e057476c method=org.eclipse.jdt.internal.compiler.util.HashtableOfType.get([C)Lorg/eclipse/jdt/internal/compiler/lookup/ReferenceBinding; @ 49 c2
Event: 590.422 Thread 0x00000240f072ed50 DEOPT PACKING pc=0x00000240e057476c sp=0x000000df332fdf50
Event: 590.422 Thread 0x00000240f072ed50 DEOPT UNPACKING pc=0x00000240df9f66a3 sp=0x000000df332fdbe8 mode 2
Event: 591.486 Thread 0x00000240f072ed50 DEOPT PACKING pc=0x00000240d9391e55 sp=0x000000df332fda60
Event: 591.486 Thread 0x00000240f072ed50 DEOPT UNPACKING pc=0x00000240df9f6e43 sp=0x000000df332fcfe8 mode 0
Event: 591.543 Thread 0x00000240f5411cf0 DEOPT PACKING pc=0x00000240d9391e55 sp=0x000000df317fe9d0
Event: 591.543 Thread 0x00000240f5411cf0 DEOPT UNPACKING pc=0x00000240df9f6e43 sp=0x000000df317fdf58 mode 0
Event: 591.555 Thread 0x00000240f072ed50 DEOPT PACKING pc=0x00000240d9391ebe sp=0x000000df332fdbd0
Event: 591.555 Thread 0x00000240f072ed50 DEOPT UNPACKING pc=0x00000240df9f6e43 sp=0x000000df332fd158 mode 0
Event: 593.181 Thread 0x00000240f072ed50 DEOPT PACKING pc=0x00000240d958a885 sp=0x000000df332fe220
Event: 593.181 Thread 0x00000240f072ed50 DEOPT UNPACKING pc=0x00000240df9f6e43 sp=0x000000df332fd748 mode 0
Event: 626.767 Thread 0x00000240f072ed50 Uncommon trap: trap_request=0xffffffd6 fr.pc=0x00000240e038d0c0 relative=0x00000000000023c0
Event: 626.767 Thread 0x00000240f072ed50 Uncommon trap: reason=array_check action=maybe_recompile pc=0x00000240e038d0c0 method=java.util.TimSort.reverseRange([Ljava/lang/Object;II)V @ 27 c2
Event: 626.767 Thread 0x00000240f072ed50 DEOPT PACKING pc=0x00000240e038d0c0 sp=0x000000df332fdd00
Event: 626.767 Thread 0x00000240f072ed50 DEOPT UNPACKING pc=0x00000240df9f66a3 sp=0x000000df332fdbd8 mode 2
Event: 626.979 Thread 0x00000240f072ed50 Uncommon trap: trap_request=0xffffffd6 fr.pc=0x00000240e038d0c0 relative=0x00000000000023c0
Event: 626.979 Thread 0x00000240f072ed50 Uncommon trap: reason=array_check action=maybe_recompile pc=0x00000240e038d0c0 method=java.util.TimSort.reverseRange([Ljava/lang/Object;II)V @ 27 c2
Event: 626.979 Thread 0x00000240f072ed50 DEOPT PACKING pc=0x00000240e038d0c0 sp=0x000000df332fdd00
Event: 626.980 Thread 0x00000240f072ed50 DEOPT UNPACKING pc=0x00000240df9f66a3 sp=0x000000df332fdbd8 mode 2

Classes unloaded (7 events):
Event: 21.201 Thread 0x00000240d40be940 Unloading class 0x0000000100280000 'java/lang/invoke/LambdaForm$MH+0x0000000100280000'
Event: 21.201 Thread 0x00000240d40be940 Unloading class 0x000000010023bc00 'java/lang/invoke/LambdaForm$MH+0x000000010023bc00'
Event: 21.201 Thread 0x00000240d40be940 Unloading class 0x000000010023b800 'java/lang/invoke/LambdaForm$MH+0x000000010023b800'
Event: 21.201 Thread 0x00000240d40be940 Unloading class 0x000000010023b400 'java/lang/invoke/LambdaForm$MH+0x000000010023b400'
Event: 21.202 Thread 0x00000240d40be940 Unloading class 0x000000010023b000 'java/lang/invoke/LambdaForm$BMH+0x000000010023b000'
Event: 21.202 Thread 0x00000240d40be940 Unloading class 0x000000010023ac00 'java/lang/invoke/LambdaForm$DMH+0x000000010023ac00'
Event: 21.202 Thread 0x00000240d40be940 Unloading class 0x0000000100238400 'java/lang/invoke/LambdaForm$DMH+0x0000000100238400'

Classes redefined (0 events):
No events

Internal exceptions (20 events):
Event: 138.179 Thread 0x00000240f0adb3d0 Exception <a 'sun/nio/fs/WindowsException'{0x00000000eabf37a8}> (0x00000000eabf37a8) 
thrown [s\src\hotspot\share\prims\jni.cpp, line 516]
Event: 138.316 Thread 0x00000240f0adb3d0 Exception <a 'sun/nio/fs/WindowsException'{0x00000000eabe7920}> (0x00000000eabe7920) 
thrown [s\src\hotspot\share\prims\jni.cpp, line 516]
Event: 138.344 Thread 0x00000240f5410dc0 Exception <a 'java/lang/ArrayIndexOutOfBoundsException'{0x00000000ead85a70}: Index 507 out of bounds for length 507> (0x00000000ead85a70) 
thrown [s\src\hotspot\share\interpreter\interpreterRuntime.cpp, line 428]
Event: 138.354 Thread 0x00000240f0adb3d0 Exception <a 'sun/nio/fs/WindowsException'{0x00000000ead210f8}> (0x00000000ead210f8) 
thrown [s\src\hotspot\share\prims\jni.cpp, line 516]
Event: 401.905 Thread 0x00000240f54117e0 Exception <a 'java/lang/ClassNotFoundException'{0x00000000eae3e658}: sun/net/www/protocol/jdt/Handler> (0x00000000eae3e658) 
thrown [s\src\hotspot\share\classfile\systemDictionary.cpp, line 256]
Event: 401.906 Thread 0x00000240f54117e0 Exception <a 'java/lang/ClassNotFoundException'{0x00000000eae46728}: sun/net/www/protocol/jdt/Handler> (0x00000000eae46728) 
thrown [s\src\hotspot\share\classfile\systemDictionary.cpp, line 256]
Event: 548.449 Thread 0x00000240f5413130 Implicit null exception at 0x00000240e034eca5 to 0x00000240e034ee1c
Event: 548.465 Thread 0x00000240f072ed50 Implicit null exception at 0x00000240e037df20 to 0x00000240e037ea5c
Event: 548.465 Thread 0x00000240f5414060 Implicit null exception at 0x00000240e037df20 to 0x00000240e037ea5c
Event: 548.639 Thread 0x00000240f5414570 Exception <a 'java/lang/ArrayIndexOutOfBoundsException'{0x00000000eac6e418}: Index 507 out of bounds for length 507> (0x00000000eac6e418) 
thrown [s\src\hotspot\share\interpreter\interpreterRuntime.cpp, line 428]
Event: 548.996 Thread 0x00000240f5413130 Exception <a 'java/lang/ArrayIndexOutOfBoundsException'{0x00000000eb0ea4f8}: Index 507 out of bounds for length 507> (0x00000000eb0ea4f8) 
thrown [s\src\hotspot\share\interpreter\interpreterRuntime.cpp, line 428]
Event: 549.235 Thread 0x00000240f5413130 Exception <a 'java/lang/ArrayIndexOutOfBoundsException'{0x00000000eada1a28}: Index 507 out of bounds for length 507> (0x00000000eada1a28) 
thrown [s\src\hotspot\share\interpreter\interpreterRuntime.cpp, line 428]
Event: 549.276 Thread 0x00000240f072ed50 Exception <a 'java/lang/ArrayIndexOutOfBoundsException'{0x00000000eb253b70}> (0x00000000eb253b70) 
thrown [s\src\hotspot\share\runtime\sharedRuntime.cpp, line 631]
Event: 582.842 Thread 0x00000240f0adaec0 Exception <a 'java/lang/NoSuchMethodError'{0x00000000eb501a00}: 'java.lang.Object java.lang.invoke.DirectMethodHandle$Holder.newInvokeSpecial(java.lang.Object, java.lang.Object, java.lang.Object, java.lang.Object, java.lang.Object, java.lang.Object)'> (0x00000000eb501a00) 
thrown [s\src\hotspot\share\interpreter\linkResolver.cpp, line 759]
Event: 582.860 Thread 0x00000240f0adaec0 Exception <a 'sun/nio/fs/WindowsException'{0x00000000eb588290}> (0x00000000eb588290) 
thrown [s\src\hotspot\share\prims\jni.cpp, line 516]
Event: 582.866 Thread 0x00000240f0adaec0 Exception <a 'sun/nio/fs/WindowsException'{0x00000000eb58f2b0}> (0x00000000eb58f2b0) 
thrown [s\src\hotspot\share\prims\jni.cpp, line 516]
Event: 582.906 Thread 0x00000240f0adaec0 Exception <a 'sun/nio/fs/WindowsException'{0x00000000eae71248}> (0x00000000eae71248) 
thrown [s\src\hotspot\share\prims\jni.cpp, line 516]
Event: 582.964 Thread 0x00000240f0adb3d0 Exception <a 'sun/nio/fs/WindowsException'{0x00000000eb037320}> (0x00000000eb037320) 
thrown [s\src\hotspot\share\prims\jni.cpp, line 516]
Event: 582.980 Thread 0x00000240f0adb3d0 Implicit null exception at 0x00000240e03755d2 to 0x00000240e0375b10
Event: 590.417 Thread 0x00000240f072ed50 Implicit null exception at 0x00000240e001fcd3 to 0x00000240e001fe28

VM Operations (20 events):
Event: 591.442 Executing VM operation: Cleanup
Event: 591.443 Executing VM operation: Cleanup done
Event: 591.500 Executing VM operation: HandshakeAllThreads
Event: 591.500 Executing VM operation: HandshakeAllThreads done
Event: 591.511 Executing VM operation: ParallelGCFailedAllocation
Event: 591.516 Executing VM operation: ParallelGCFailedAllocation done
Event: 592.522 Executing VM operation: Cleanup
Event: 592.522 Executing VM operation: Cleanup done
Event: 593.186 Executing VM operation: ParallelGCFailedAllocation
Event: 593.194 Executing VM operation: ParallelGCFailedAllocation done
Event: 594.205 Executing VM operation: Cleanup
Event: 594.205 Executing VM operation: Cleanup done
Event: 601.605 Executing VM operation: HandshakeAllThreads
Event: 601.605 Executing VM operation: HandshakeAllThreads done
Event: 625.795 Executing VM operation: Cleanup
Event: 625.796 Executing VM operation: Cleanup done
Event: 626.807 Executing VM operation: Cleanup
Event: 626.808 Executing VM operation: Cleanup done
Event: 626.990 Executing VM operation: ParallelGCFailedAllocation
Event: 626.997 Executing VM operation: ParallelGCFailedAllocation done

Events (20 events):
Event: 583.357 Thread 0x00000240eef60120 flushing nmethod 0x00000240d93cb090
Event: 583.357 Thread 0x00000240eef60120 flushing nmethod 0x00000240d93e6a90
Event: 583.357 Thread 0x00000240eef60120 flushing nmethod 0x00000240d93f4290
Event: 583.357 Thread 0x00000240eef60120 flushing nmethod 0x00000240d9403810
Event: 583.357 Thread 0x00000240eef60120 flushing nmethod 0x00000240d9404090
Event: 583.357 Thread 0x00000240eef60120 flushing nmethod 0x00000240d940fb90
Event: 583.357 Thread 0x00000240eef60120 flushing nmethod 0x00000240d9410c10
Event: 583.357 Thread 0x00000240eef60120 flushing nmethod 0x00000240d9493410
Event: 583.358 Thread 0x00000240eef60120 flushing nmethod 0x00000240d94e9010
Event: 583.358 Thread 0x00000240eef60120 flushing nmethod 0x00000240d9579b10
Event: 583.358 Thread 0x00000240eef60120 flushing nmethod 0x00000240d957da10
Event: 588.511 Thread 0x00000240f3cf6fd0 Thread exited: 0x00000240f3cf6fd0
Event: 589.536 Thread 0x00000240f3cfc4d0 Thread exited: 0x00000240f3cfc4d0
Event: 590.457 Thread 0x00000240f3cfa4f0 Thread added: 0x00000240f3cfa4f0
Event: 591.423 Thread 0x00000240f3cfa4f0 Thread exited: 0x00000240f3cfa4f0
Event: 591.488 Thread 0x00000240f3cfaf90 Thread added: 0x00000240f3cfaf90
Event: 593.053 Thread 0x00000240f3cfaf90 Thread exited: 0x00000240f3cfaf90
Event: 626.769 Thread 0x00000240f3cf6fd0 Thread added: 0x00000240f3cf6fd0
Event: 626.964 Thread 0x00000240f3cf6fd0 Thread exited: 0x00000240f3cf6fd0
Event: 626.983 Thread 0x00000240f3cf7fc0 Thread added: 0x00000240f3cf7fc0


Dynamic libraries:
0x00007ff724b50000 - 0x00007ff724b5e000 	c:\Users\gbmhi\.vscode\extensions\redhat.java-1.28.1-win32-x64\jre\17.0.10-win32-x86_64\bin\java.exe
0x00007ffef2eb0000 - 0x00007ffef30c7000 	C:\WINDOWS\SYSTEM32\ntdll.dll
0x00007ffef2ce0000 - 0x00007ffef2da4000 	C:\WINDOWS\System32\KERNEL32.DLL
0x00007ffef0400000 - 0x00007ffef07a6000 	C:\WINDOWS\System32\KERNELBASE.dll
0x00007ffef09c0000 - 0x00007ffef0ad1000 	C:\WINDOWS\System32\ucrtbase.dll
0x00007ffecd620000 - 0x00007ffecd63b000 	c:\Users\gbmhi\.vscode\extensions\redhat.java-1.28.1-win32-x64\jre\17.0.10-win32-x86_64\bin\VCRUNTIME140.dll
0x00007ffee5770000 - 0x00007ffee5787000 	c:\Users\gbmhi\.vscode\extensions\redhat.java-1.28.1-win32-x64\jre\17.0.10-win32-x86_64\bin\jli.dll
0x00007ffef2530000 - 0x00007ffef26de000 	C:\WINDOWS\System32\USER32.dll
0x00007ffef0310000 - 0x00007ffef0336000 	C:\WINDOWS\System32\win32u.dll
0x00007ffed3540000 - 0x00007ffed37d3000 	C:\WINDOWS\WinSxS\amd64_microsoft.windows.common-controls_6595b64144ccf1df_6.0.22621.2506_none_270c5ae97388e100\COMCTL32.dll
0x00007ffef2e40000 - 0x00007ffef2e69000 	C:\WINDOWS\System32\GDI32.dll
0x00007ffef1090000 - 0x00007ffef1137000 	C:\WINDOWS\System32\msvcrt.dll
0x00007ffef0ae0000 - 0x00007ffef0bf8000 	C:\WINDOWS\System32\gdi32full.dll
0x00007ffef0270000 - 0x00007ffef030a000 	C:\WINDOWS\System32\msvcp_win.dll
0x00007ffef1040000 - 0x00007ffef1071000 	C:\WINDOWS\System32\IMM32.DLL
0x00007ffeeb6f0000 - 0x00007ffeeb6fc000 	c:\Users\gbmhi\.vscode\extensions\redhat.java-1.28.1-win32-x64\jre\17.0.10-win32-x86_64\bin\vcruntime140_1.dll
0x00007ffeccd00000 - 0x00007ffeccd8d000 	c:\Users\gbmhi\.vscode\extensions\redhat.java-1.28.1-win32-x64\jre\17.0.10-win32-x86_64\bin\msvcp140.dll
0x00007ffe975d0000 - 0x00007ffe98232000 	c:\Users\gbmhi\.vscode\extensions\redhat.java-1.28.1-win32-x64\jre\17.0.10-win32-x86_64\bin\server\jvm.dll
0x00007ffef20c0000 - 0x00007ffef2173000 	C:\WINDOWS\System32\ADVAPI32.dll
0x00007ffef2840000 - 0x00007ffef28e8000 	C:\WINDOWS\System32\sechost.dll
0x00007ffef0920000 - 0x00007ffef0948000 	C:\WINDOWS\System32\bcrypt.dll
0x00007ffef2920000 - 0x00007ffef2a37000 	C:\WINDOWS\System32\RPCRT4.dll
0x00007ffeef950000 - 0x00007ffeef99d000 	C:\WINDOWS\SYSTEM32\POWRPROF.dll
0x00007ffed6280000 - 0x00007ffed6289000 	C:\WINDOWS\SYSTEM32\WSOCK32.dll
0x00007ffef2a40000 - 0x00007ffef2ab1000 	C:\WINDOWS\System32\WS2_32.dll
0x00007ffee86f0000 - 0x00007ffee86fa000 	C:\WINDOWS\SYSTEM32\VERSION.dll
0x00007ffee8ac0000 - 0x00007ffee8af4000 	C:\WINDOWS\SYSTEM32\WINMM.dll
0x00007ffeef900000 - 0x00007ffeef913000 	C:\WINDOWS\SYSTEM32\UMPDC.dll
0x00007ffeef1f0000 - 0x00007ffeef208000 	C:\WINDOWS\SYSTEM32\kernel.appcore.dll
0x00007ffeeb680000 - 0x00007ffeeb68a000 	c:\Users\gbmhi\.vscode\extensions\redhat.java-1.28.1-win32-x64\jre\17.0.10-win32-x86_64\bin\jimage.dll
0x00007ffeedc00000 - 0x00007ffeede33000 	C:\WINDOWS\SYSTEM32\DBGHELP.DLL
0x00007ffef2180000 - 0x00007ffef2509000 	C:\WINDOWS\System32\combase.dll
0x00007ffef0f60000 - 0x00007ffef1037000 	C:\WINDOWS\System32\OLEAUT32.dll
0x00007ffeb6d50000 - 0x00007ffeb6d82000 	C:\WINDOWS\SYSTEM32\dbgcore.DLL
0x00007ffef01f0000 - 0x00007ffef026a000 	C:\WINDOWS\System32\bcryptPrimitives.dll
0x00007ffeeb5c0000 - 0x00007ffeeb5ce000 	c:\Users\gbmhi\.vscode\extensions\redhat.java-1.28.1-win32-x64\jre\17.0.10-win32-x86_64\bin\instrument.dll
0x00007ffecccd0000 - 0x00007ffecccf5000 	c:\Users\gbmhi\.vscode\extensions\redhat.java-1.28.1-win32-x64\jre\17.0.10-win32-x86_64\bin\java.dll
0x00007ffecd070000 - 0x00007ffecd088000 	c:\Users\gbmhi\.vscode\extensions\redhat.java-1.28.1-win32-x64\jre\17.0.10-win32-x86_64\bin\zip.dll
0x00007ffef1140000 - 0x00007ffef199b000 	C:\WINDOWS\System32\SHELL32.dll
0x00007ffeedfa0000 - 0x00007ffeee896000 	C:\WINDOWS\SYSTEM32\windows.storage.dll
0x00007ffeee8c0000 - 0x00007ffeee9fe000 	C:\WINDOWS\SYSTEM32\wintypes.dll
0x00007ffef2740000 - 0x00007ffef2833000 	C:\WINDOWS\System32\SHCORE.dll
0x00007ffef26e0000 - 0x00007ffef273e000 	C:\WINDOWS\System32\shlwapi.dll
0x00007ffef0120000 - 0x00007ffef0146000 	C:\WINDOWS\SYSTEM32\profapi.dll
0x00007ffeccc70000 - 0x00007ffeccc89000 	C:\Users\gbmhi\.vscode\extensions\redhat.java-1.28.1-win32-x64\jre\17.0.10-win32-x86_64\bin\net.dll
0x00007ffee9070000 - 0x00007ffee91a7000 	C:\WINDOWS\SYSTEM32\WINHTTP.dll
0x00007ffeef6d0000 - 0x00007ffeef739000 	C:\WINDOWS\system32\mswsock.dll
0x00007ffecca80000 - 0x00007ffecca96000 	C:\Users\gbmhi\.vscode\extensions\redhat.java-1.28.1-win32-x64\jre\17.0.10-win32-x86_64\bin\nio.dll
0x00007ffed61c0000 - 0x00007ffed61d0000 	c:\Users\gbmhi\.vscode\extensions\redhat.java-1.28.1-win32-x64\jre\17.0.10-win32-x86_64\bin\verify.dll
0x00007ffecc690000 - 0x00007ffecc6ce000 	C:\Users\gbmhi\AppData\Roaming\Code\User\globalStorage\redhat.java\1.28.1\config_win\org.eclipse.equinox.launcher\org.eclipse.equinox.launcher.win32.win32.x86_64_1.2.900.v20240129-1338\eclipse_11900.dll
0x00007ffef0dc0000 - 0x00007ffef0f60000 	C:\WINDOWS\System32\ole32.dll
0x00007ffed6010000 - 0x00007ffed6019000 	C:\Users\gbmhi\.vscode\extensions\redhat.java-1.28.1-win32-x64\jre\17.0.10-win32-x86_64\bin\management.dll
0x00007ffed4250000 - 0x00007ffed425b000 	C:\Users\gbmhi\.vscode\extensions\redhat.java-1.28.1-win32-x64\jre\17.0.10-win32-x86_64\bin\management_ext.dll
0x00007ffef2910000 - 0x00007ffef2918000 	C:\WINDOWS\System32\PSAPI.DLL
0x00007ffeef9a0000 - 0x00007ffeef9bb000 	C:\WINDOWS\SYSTEM32\CRYPTSP.dll
0x00007ffeef150000 - 0x00007ffeef185000 	C:\WINDOWS\system32\rsaenh.dll
0x00007ffeef770000 - 0x00007ffeef79c000 	C:\WINDOWS\SYSTEM32\USERENV.dll
0x00007ffeef8f0000 - 0x00007ffeef8fc000 	C:\WINDOWS\SYSTEM32\CRYPTBASE.dll
0x00007ffeeec60000 - 0x00007ffeeec8d000 	C:\WINDOWS\SYSTEM32\IPHLPAPI.DLL
0x00007ffef20b0000 - 0x00007ffef20b9000 	C:\WINDOWS\System32\NSI.dll
0x00007ffee8e70000 - 0x00007ffee8e89000 	C:\WINDOWS\SYSTEM32\dhcpcsvc6.DLL
0x00007ffee8e00000 - 0x00007ffee8e1f000 	C:\WINDOWS\SYSTEM32\dhcpcsvc.DLL
0x00007ffeeecd0000 - 0x00007ffeeedc9000 	C:\WINDOWS\SYSTEM32\DNSAPI.dll
0x00007ffecb2b0000 - 0x00007ffecb2f5000 	C:\Users\gbmhi\AppData\Local\Temp\jna-98150259\jna7480694864019002905.dll
0x00007ffed4210000 - 0x00007ffed421e000 	C:\Users\gbmhi\.vscode\extensions\redhat.java-1.28.1-win32-x64\jre\17.0.10-win32-x86_64\bin\sunmscapi.dll
0x00007ffef07b0000 - 0x00007ffef0916000 	C:\WINDOWS\System32\CRYPT32.dll
0x00007ffeefb90000 - 0x00007ffeefbbe000 	C:\WINDOWS\SYSTEM32\ncrypt.dll
0x00007ffeefb50000 - 0x00007ffeefb87000 	C:\WINDOWS\SYSTEM32\NTASN1.dll
0x0000000068970000 - 0x0000000068996000 	C:\Program Files\Bonjour\mdnsNSP.dll
0x00007ffedc560000 - 0x00007ffedc56a000 	C:\Windows\System32\rasadhlp.dll
0x00007ffee6fc0000 - 0x00007ffee7043000 	C:\WINDOWS\System32\fwpuclnt.dll
0x00007ffecd8c0000 - 0x00007ffecd8c9000 	C:\Users\gbmhi\.vscode\extensions\redhat.java-1.28.1-win32-x64\jre\17.0.10-win32-x86_64\bin\extnet.dll

dbghelp: loaded successfully - version: 4.0.5 - missing functions: none
symbol engine: initialized successfully - sym options: 0x614 - pdb path: .;c:\Users\gbmhi\.vscode\extensions\redhat.java-1.28.1-win32-x64\jre\17.0.10-win32-x86_64\bin;C:\WINDOWS\SYSTEM32;C:\WINDOWS\WinSxS\amd64_microsoft.windows.common-controls_6595b64144ccf1df_6.0.22621.2506_none_270c5ae97388e100;c:\Users\gbmhi\.vscode\extensions\redhat.java-1.28.1-win32-x64\jre\17.0.10-win32-x86_64\bin\server;C:\Users\gbmhi\AppData\Roaming\Code\User\globalStorage\redhat.java\1.28.1\config_win\org.eclipse.equinox.launcher\org.eclipse.equinox.launcher.win32.win32.x86_64_1.2.900.v20240129-1338;C:\Users\gbmhi\AppData\Local\Temp\jna-98150259;C:\Program Files\Bonjour

VM Arguments:
jvm_args: --add-modules=ALL-SYSTEM --add-opens=java.base/java.util=ALL-UNNAMED --add-opens=java.base/java.lang=ALL-UNNAMED --add-opens=java.base/sun.nio.fs=ALL-UNNAMED -Declipse.application=org.eclipse.jdt.ls.core.id1 -Dosgi.bundles.defaultStartLevel=4 -Declipse.product=org.eclipse.jdt.ls.core.product -Djava.import.generatesMetadataFilesAtProjectRoot=false -DDetectVMInstallationsJob.disabled=true -Dfile.encoding=utf8 -XX:+UseParallelGC -XX:GCTimeRatio=4 -XX:AdaptiveSizePolicyWeight=90 -Dsun.zip.disableMemoryMapping=true -Xmx1G -Xms100m -Xlog:disable -javaagent:c:\Users\gbmhi\.vscode\extensions\redhat.java-1.28.1-win32-x64\lombok\lombok-1.18.31.jar -XX:+HeapDumpOnOutOfMemoryError -XX:HeapDumpPath=c:\Users\gbmhi\AppData\Roaming\Code\User\workspaceStorage\0a4730d8f17ffa5101841fdc7d106a91\redhat.java -Daether.dependencyCollector.impl=bf 
java_command: c:\Users\gbmhi\.vscode\extensions\redhat.java-1.28.1-win32-x64\server\plugins\org.eclipse.equinox.launcher_1.6.700.v20231214-2017.jar -configuration c:\Users\gbmhi\AppData\Roaming\Code\User\globalStorage\redhat.java\1.28.1\config_win -data c:\Users\gbmhi\AppData\Roaming\Code\User\workspaceStorage\0a4730d8f17ffa5101841fdc7d106a91\redhat.java\jdt_ws --stdio
java_class_path (initial): c:\Users\gbmhi\.vscode\extensions\redhat.java-1.28.1-win32-x64\server\plugins\org.eclipse.equinox.launcher_1.6.700.v20231214-2017.jar
Launcher Type: SUN_STANDARD

[Global flags]
    uintx AdaptiveSizePolicyWeight                 = 90                                        {product} {command line}
     intx CICompilerCount                          = 4                                         {product} {ergonomic}
    uintx GCTimeRatio                              = 4                                         {product} {command line}
     bool HeapDumpOnOutOfMemoryError               = true                                   {manageable} {command line}
    ccstr HeapDumpPath                             = c:\Users\gbmhi\AppData\Roaming\Code\User\workspaceStorage\0a4730d8f17ffa5101841fdc7d106a91\redhat.java         {manageable} {command line}
   size_t InitialHeapSize                          = 104857600                                 {product} {command line}
   size_t MaxHeapSize                              = 1073741824                                {product} {command line}
   size_t MaxNewSize                               = 357564416                                 {product} {ergonomic}
   size_t MinHeapDeltaBytes                        = 524288                                    {product} {ergonomic}
   size_t MinHeapSize                              = 104857600                                 {product} {command line}
   size_t NewSize                                  = 34603008                                  {product} {ergonomic}
    uintx NonNMethodCodeHeapSize                   = 5839372                                {pd product} {ergonomic}
    uintx NonProfiledCodeHeapSize                  = 122909434                              {pd product} {ergonomic}
   size_t OldSize                                  = 70254592                                  {product} {ergonomic}
    uintx ProfiledCodeHeapSize                     = 122909434                              {pd product} {ergonomic}
    uintx ReservedCodeCacheSize                    = 251658240                              {pd product} {ergonomic}
     bool SegmentedCodeCache                       = true                                      {product} {ergonomic}
   size_t SoftMaxHeapSize                          = 1073741824                             {manageable} {ergonomic}
     bool UseCompressedClassPointers               = true                           {product lp64_product} {ergonomic}
     bool UseCompressedOops                        = true                           {product lp64_product} {ergonomic}
     bool UseLargePagesIndividualAllocation        = false                                  {pd product} {ergonomic}
     bool UseParallelGC                            = true                                      {product} {command line}

Logging:
Log output configuration:
 #0: stdout all=off uptime,level,tags
 #1: stderr all=off uptime,level,tags

Environment Variables:
PATH=C:\Program Files\Common Files\Oracle\Java\javapath;C:\Windows\system32;C:\Windows;C:\Windows\System32\Wbem;C:\Windows\System32\WindowsPowerShell\v1.0\;C:\Windows\System32\OpenSSH\;C:\Program Files (x86)\NVIDIA Corporation\PhysX\Common;C:\Program Files\NVIDIA Corporation\NVIDIA NvDLISR;C:\TDM-GCC-32\bin;D:\Matlab\runtime\win64;D:\Matlab\bin;D:\Matlab\polyspace\bin;C:\Program Files\Microsoft\Web Platform Installer\;C:\Program Files (x86)\Microsoft ASP.NET\ASP.NET Web Pages\v1.0\;C:\Program Files\Microsoft SQL Server\110\Tools\Binn\;C:\WINDOWS\system32;C:\WINDOWS;C:\WINDOWS\System32\Wbem;C:\WINDOWS\System32\WindowsPowerShell\v1.0\;C:\WINDOWS\System32\OpenSSH\;C:\Program Files (x86)\Microsoft SQL Server\150\Tools\Binn\;C:\Program Files\Microsoft SQL Server\150\Tools\Binn\;C:\Program Files (x86)\Microsoft SQL Server\150\DTS\Binn\;C:\Program Files\Microsoft SQL Server\150\DTS\Binn\;C:\Program Files\Microsoft SQL Server\Client SDK\ODBC\170\Tools\Binn\;C:\Program Files\Git\cmd;C:\Users\Phong Vu\AppData\Roaming\nvm;C:;C:\WINDOWS\system32;C:\WINDOWS;C:\WINDOWS\System32\Wbem;C:\WINDOWS\System32\WindowsPowerShell\v1.0\;C:\WINDOWS\System32\OpenSSH\;C:\Program Files\nodejs\;D:\opencv\build\x64\vc16\bin;C:\Program Files\CMake\bin;C:\Program Files (x86)\Windows Kits\10\Windows Performance Toolkit\;C:\Users\Phong Vu\AppData\Local\Programs\Python\Python312\Scripts;D:\Anaconda\Scripts;D:\Anaconda;D:\Anaconda\Library\bin;C:\Program Files\PuTTY\;C:\Program Files (x86)\STMicroelectronics\STM32 ST-LINK Utility\ST-LINK Utility;C:\Program Files (x86)\GnuWin32\bin;C:\Users\gbmhi\AppData\Local\Microsoft\WindowsApps;C:\Users\gbmhi\AppData\Local\Programs\Microsoft VS Code\bin
USERNAME=gbmhi
OS=Windows_NT
PROCESSOR_IDENTIFIER=Intel64 Family 6 Model 165 Stepping 2, GenuineIntel
TMP=C:\Users\gbmhi\AppData\Local\Temp
TEMP=C:\Users\gbmhi\AppData\Local\Temp



Periodic native trim disabled


---------------  S Y S T E M  ---------------

OS:
 Windows 11 , 64 bit Build 22621 (10.0.22621.3085)
OS uptime: 4 days 4:03 hours
Hyper-V role detected

CPU: total 8 (initial active 8) (4 cores per cpu, 2 threads per core) family 6 model 165 stepping 2 microcode 0xe2, cx8, cmov, fxsr, ht, mmx, 3dnowpref, sse, sse2, sse3, ssse3, sse4.1, sse4.2, popcnt, lzcnt, tsc, tscinvbit, avx, avx2, aes, erms, clmul, bmi1, bmi2, adx, fma, vzeroupper, clflush, clflushopt, hv
Processor Information for all 8 processors :
  Max Mhz: 2496, Current Mhz: 2496, Mhz Limit: 2496

Memory: 4k page, system-wide physical 16215M (2236M free)
TotalPageFile size 23383M (AvailPageFile size 5M)
current process WorkingSet (physical memory assigned to process): 607M, peak: 753M
current process commit charge ("private bytes"): 507M, peak: 668M

vm_info: OpenJDK 64-Bit Server VM (17.0.10+7) for windows-amd64 JRE (17.0.10+7), built on Jan 16 2024 23:25:11 by "admin" with MS VC++ 16.10 / 16.11 (VS2019)

END.
